Host command: /opt/CADENCE/INCISIV111/tools/verilog/bin/verilog.exe
Command arguments:
    clock24_test.v
    clock24.v
    counter12.v
    counter60.v
    counter24.v
    counter100.v
    led_drv.v
    seven_seg.v
    clock.v

Tool:	VERILOG-XL	08.20.001-d log file created Dec 11, 2015  17:04:12
Tool:	VERILOG-XL	08.20.001-d   Dec 11, 2015  17:04:12

Copyright (c) 1995-2004 Cadence Design Systems, Inc.  All Rights Reserved.
Unpublished -- rights reserved under the copyright laws of the United States.

Copyright (c) 1995-2004 UNIX Systems Laboratories, Inc.  Reproduced with Permission.

THIS SOFTWARE AND ON-LINE DOCUMENTATION CONTAIN CONFIDENTIAL INFORMATION
AND TRADE SECRETS OF CADENCE DESIGN SYSTEMS, INC.  USE, DISCLOSURE, OR
REPRODUCTION IS PROHIBITED WITHOUT THE PRIOR EXPRESS WRITTEN PERMISSION OF
CADENCE DESIGN SYSTEMS, INC.
RESTRICTED RIGHTS LEGEND

Use, duplication, or disclosure by the Government is subject to
restrictions as set forth in subparagraph (c)(1)(ii) of the Rights in
Technical Data and Computer Software clause at DFARS 252.227-7013 or
subparagraphs (c)(1) and (2) of Commercial Computer Software -- Restricted
Rights at 48 CFR 52.227-19, as applicable.

                Cadence Design Systems, Inc.
                555 River Oaks Parkway
                San Jose, California  95134

For technical assistance please contact the Cadence Response Center at
1-877-CDS-4911 or send email to support@cadence.com

For more information on Cadence's Verilog-XL product line send email to
talkv@cadence.com

Compiling source file "clock24_test.v"
Compiling included source file "clock24_test.vct"
Continuing compilation of source file "clock24_test.v"
Compiling source file "clock24.v"
Compiling source file "counter12.v"
Compiling source file "counter60.v"
Compiling source file "counter24.v"
Compiling source file "counter100.v"
Compiling source file "led_drv.v"
Compiling source file "seven_seg.v"
Compiling source file "clock.v"
Highest level modules:
clock24_text

L7 "clock24_test.vct": $finish at simulation time 10000035
0 simulation events (use +profile or +listcounts option to count)
CPU time: 0.0 secs to compile + 0.0 secs to link + 7.1 secs in simulation
End of Tool:	VERILOG-XL	08.20.001-d   Dec 11, 2015  17:04:21
